[3]
[1]
Case #1: 1 2 1 2
[47, 116, 210, 315, 388, 619, 652, 857, 901, 1010]
[4, 227, 310, 413, 490, 539, 576, 701, 852, 1003]
Case #2: 10 10 7 623
[0, 112, 138, 225, 436, 551, 847, 861, 959, 986]
[30, 356, 374, 390, 483, 569, 585, 691, 728, 909]
Case #3: 10 10 5 569
[10, 157, 260, 313, 396, 746, 753, 759, 835, 886]
[0, 136, 181, 273, 390, 719, 762, 870, 891, 893]
Case #4: 10 10 4 396
[22, 171]
[20, 169]
Case #5: 2 8 1 2
[19, 24, 162, 487, 492, 537, 583, 858, 941, 1012]
[39, 126, 137, 404, 458, 564, 575, 881, 960, 971]
Case #6: 10 10 7 979
[10, 31, 54, 456, 477, 500]
[527, 538, 550, 973, 984, 996]
Case #7: 6 10 2 528
[155, 200, 218, 230, 614, 781, 918, 923, 964]
[0, 204, 249, 270, 504, 641, 729, 918, 1022]
Case #8: NOT POSSIBLE
[151, 195, 278, 322]
[63, 107, 446, 490]
Case #9: 4 9 3 168
[18, 20, 25, 52, 54, 130, 173, 185, 228]
[4, 16, 63, 89, 137, 139, 164, 169, 175]
Case #10: 9 8 6 189
[30, 32]
[12, 50]
Case #11: 2 6 2 18
[28, 105, 424, 437, 470, 627, 702, 710, 771, 841]
[129, 156, 226, 296, 349, 567, 637, 839, 906, 1010]
Case #12: 10 10 4 308
[22]
[224]
Case #13: 1 9 6 246
[64, 93, 103, 111, 123]
[2, 31, 37, 45, 57]
Case #14: 5 7 2 66
[35, 55, 64, 94]
[3, 23, 96, 126]
Case #15: 4 7 1 32
[98, 140, 191, 245, 311, 720, 781, 810, 842, 977]
[135, 271, 316, 325, 466, 609, 666, 701, 762, 864]
Case #16: 10 10 4 432
[2, 6, 13]
[3, 7, 12]
Case #17: 3 4 1 1
[281]
[447]
Case #18: 1 9 4 166
[6, 169, 242, 441, 511, 525, 624, 780, 855, 962]
[86, 162, 249, 431, 489, 544, 605, 775, 860, 914]
Case #19: 10 10 2 80
[71, 208, 299, 329, 476, 567, 646, 752, 824, 943]
[1, 99, 246, 365, 506, 530, 645, 797, 940, 986]
Case #20: 10 10 4 298
[21, 146, 149, 208, 215, 813, 938, 941, 1000, 1007]
[19, 20, 81, 86, 147, 811, 812, 873, 878, 939]
Case #21: 10 10 3 134
[20, 153, 350, 442, 480, 613, 675, 686, 839, 857]
[87, 90, 156, 416, 446, 608, 749, 793, 835, 935]
Case #22: 10 10 7 761
[43, 194, 232, 285, 446, 724, 725, 803, 804, 859]
[48, 55, 72, 454, 455, 526, 685, 824, 977, 1019]
Case #23: 10 10 5 787
[13, 120, 271, 418, 454, 601, 628, 707, 945, 958]
[19, 190, 218, 273, 356, 674, 685, 837, 872, 991]
Case #24: 10 10 4 284
[14, 133, 155, 356, 504, 562, 617, 807, 978, 989]
[29, 129, 352, 382, 491, 567, 568, 706, 908, 983]
Case #25: 10 10 6 485
[2]
[1]
Case #26: NOT POSSIBLE
[18, 199, 346, 420, 477, 572, 617, 674, 811, 981]
[47, 168, 209, 359, 434, 606, 672, 796, 841, 983]
Case #27: 10 10 6 373
[67, 119]
[192, 244]
Case #28: 2 8 3 131
[18, 26, 31, 34, 42, 47]
[19, 27, 30, 35, 43, 46]
Case #29: 6 6 1 1
[8, 55, 179, 237, 511, 648, 790, 832, 858, 997]
[196, 268, 278, 346, 425, 580, 635, 673, 767, 947]
Case #30: 10 10 4 588
[62, 110, 181, 229]
[30, 78, 149, 197]
Case #31: 4 8 1 32
[30, 38, 49]
[4, 19, 60]
Case #32: 3 6 2 34
[1, 2]
[0, 3]
Case #33: 2 2 1 1
[78, 110]
[84, 116]
Case #34: 2 9 3 26
[7, 62, 74, 104, 111]
[14, 42, 78, 107, 124]
Case #35: NOT POSSIBLE
[84, 237, 269, 338, 377, 554, 703, 722, 897, 934]
[67, 250, 282, 325, 366, 573, 680, 709, 918, 945]
Case #36: 10 10 4 23
[152, 452, 704, 897, 943]
[151, 307, 839, 967, 1008]
Case #37: NOT POSSIBLE
[23, 137, 352, 445, 490, 604, 639, 640, 839, 946]
[96, 159, 188, 338, 423, 617, 759, 778, 861, 896]
Case #38: 10 10 4 736
[263, 356, 791, 884]
[275, 368, 771, 864]
Case #39: 4 10 2 20
[14, 41, 85, 93, 101, 119, 120]
[4, 6, 51, 72, 124, 126, 127]
Case #40: NOT POSSIBLE
[13, 112, 155, 240, 329, 743, 802, 822, 910, 989]
[63, 108, 135, 147, 342, 760, 810, 833, 956, 961]
Case #41: 10 10 6 945
[6, 7]
[28, 29]
Case #42: 2 5 3 26
[13, 124, 195]
[12, 179, 194]
Case #43: 3 8 6 207
[21, 30, 47, 49, 57]
[3, 21, 29, 50, 57]
Case #44: 5 6 3 44
[98, 149, 201, 263, 316, 602, 647, 864, 952, 1023]
[82, 143, 360, 432, 503, 618, 669, 705, 783, 820]
Case #45: 10 10 2 520
[53, 57, 69, 73, 119, 123]
[37, 41, 85, 89, 103, 107]
Case #46: 6 7 1 16
[6, 18, 94, 128, 161, 187, 231, 253]
[12, 22, 55, 74, 80, 165, 177, 233]
Case #47: 8 8 6 183
[74, 149, 187, 317, 331]
[20, 98, 277, 458, 484]
Case #48: 5 9 7 351
[1, 11, 12]
[2, 4, 11]
Case #49: NOT POSSIBLE
[108, 186, 198, 203, 473, 551, 768, 785, 831, 1012]
[209, 258, 457, 487, 502, 560, 573, 588, 666, 815]
Case #50: 10 10 7 758
[0, 3, 14, 27, 32, 35, 46, 59, 93, 125]
[2, 23, 25, 26, 34, 55, 57, 58, 68, 100]
Case #51: 10 7 3 25
[101, 128, 192, 266, 337, 444, 475, 481]
[9, 16, 52, 98, 154, 264, 386, 426]
Case #52: NOT POSSIBLE
[400, 883]
[188, 201]
Case #53: NOT POSSIBLE
[58, 205]
[98, 125]
Case #54: NOT POSSIBLE
[108, 139, 243, 269, 338, 529, 652, 888, 935, 1014]
[20, 137, 319, 366, 480, 531, 619, 756, 917, 970]
Case #55: 10 10 4 664
[63, 221, 259, 270, 382, 450, 452]
[4, 230, 309, 312, 325, 505, 511]
Case #56: 7 9 5 59
[44, 78, 105, 117]
[18, 26, 29, 43]
Case #57: NOT POSSIBLE
[19, 28, 34, 62, 73, 111, 112, 194, 198]
[48, 101, 120, 136, 156, 198, 221, 230, 250]
Case #58: NOT POSSIBLE
[53, 122, 140, 323, 511, 576, 687, 835, 912, 956]
[18, 171, 228, 353, 477, 561, 734, 782, 802, 989]
Case #59: 10 10 5 158
[0, 8, 439, 447, 512, 584, 951, 1023]
[64, 72, 503, 511, 512, 584, 951, 1023]
Case #60: 8 10 2 72
[78, 153, 219, 437, 446, 577, 608, 798, 802, 997]
[104, 147, 175, 460, 493, 563, 568, 788, 854, 963]
Case #61: 10 10 6 909
[0, 1]
[1, 3]
Case #62: NOT POSSIBLE
[34, 38, 242, 246, 298, 506, 523, 731]
[3, 211, 554, 558, 762, 766, 802, 1010]
Case #63: 8 10 2 520
[108, 158, 208, 237, 259, 679, 831, 841, 848, 946]
[26, 271, 386, 493, 500, 547, 592, 621, 721, 958]
Case #64: 10 10 7 701
[6, 14, 15]
[6, 7, 14]
Case #65: 3 4 1 8
[68, 144, 276, 328, 440, 627, 862, 1003]
[85, 98, 569, 579, 618, 835, 892, 960]
Case #66: NOT POSSIBLE
[818]
[710]
Case #67: 1 10 6 500
[9, 65, 123, 300, 325, 656, 766, 907, 950, 1014]
[8, 102, 275, 302, 366, 657, 729, 739, 948, 989]
Case #68: 10 10 4 664
[3]
[7]
Case #69: 1 3 1 4
[41, 50]
[2, 53]
Case #70: NOT POSSIBLE
[5, 7]
[5, 7]
Case #71: NOT POSSIBLE
[46, 113, 119, 122, 263, 295, 420, 448]
[1, 54, 91, 185, 187, 228, 430, 481]
Case #72: NOT POSSIBLE
[243, 334]
[177, 268]
Case #73: 2 10 2 66
[115, 574, 759]
[106, 501, 840]
Case #74: NOT POSSIBLE
[13, 44]
[9, 40]
Case #75: 2 6 1 4
[54, 92, 117, 422, 460, 485]
[27, 88, 113, 395, 456, 481]
Case #76: 6 9 4 45
[64, 263, 435, 484, 490, 535, 556, 699, 728, 861]
[249, 287, 380, 392, 435, 535, 576, 590, 675, 996]
Case #77: 10 10 5 932
[7, 41, 48, 49, 60, 63, 74, 78, 79, 92]
[4, 13, 31, 35, 36, 61, 62, 65, 87, 114]
Case #78: NOT POSSIBLE
[0, 6]
[0, 6]
Case #79: NOT POSSIBLE
[14, 21, 25, 57]
[41, 45, 54, 57]
Case #80: NOT POSSIBLE
[13, 31, 33, 37, 41, 51, 55, 59]
[4, 22, 32, 40, 44, 50, 58, 62]
Case #81: 8 6 2 9
[5, 154, 378, 479, 480, 527, 569, 660, 866, 997]
[22, 137, 361, 460, 499, 540, 554, 647, 881, 1014]
Case #82: 10 10 3 19
[11, 44, 56, 66, 89, 112, 113]
[7, 19, 52, 78, 79, 102, 125]
Case #83: 7 7 6 63
[84, 121, 352, 379, 494, 521, 663, 674, 908, 919]
[48, 165, 190, 394, 423, 585, 594, 841, 892, 983]
Case #84: 10 10 7 478
[71, 214, 428, 498, 505]
[26, 38, 55, 257, 441]
Case #85: NOT POSSIBLE
[107, 141, 147, 270, 509, 573, 624, 866, 898, 980]
[47, 220, 330, 428, 434, 579, 675, 757, 796, 849]
Case #86: 10 10 3 289
[58, 99, 330, 393, 407, 565, 692, 740, 856, 975]
[70, 151, 199, 299, 444, 528, 585, 825, 996, 1018]
Case #87: 10 10 6 627
[67, 135, 152, 177, 427, 622, 836, 857, 884, 958]
[77, 80, 96, 170, 378, 703, 855, 908, 915, 933]
Case #88: 10 10 4 788
[71, 77, 106, 136, 211, 217, 225, 377, 399, 507]
[34, 55, 76, 91, 131, 236, 257, 287, 316, 429]
Case #89: NOT POSSIBLE
[138, 161, 262, 436, 509, 598, 616, 731, 825, 839]
[202, 225, 365, 406, 479, 515, 573, 688, 812, 850]
Case #90: 10 10 5 107
[19, 42, 246, 325, 413, 666, 736, 838, 893, 937]
[52, 236, 347, 354, 391, 524, 567, 728, 913, 1003]
Case #91: 10 10 5 369
[2]
[0]
Case #92: 1 2 1 2
[0, 10, 26, 33, 35, 60, 81, 84]
[13, 15, 18, 36, 46, 52, 122, 127]
Case #93: 8 7 4 46
[19, 92, 229, 432, 449, 552, 558, 862, 903, 1019]
[195, 197, 278, 362, 435, 520, 689, 766, 812, 861]
Case #94: 10 10 7 749
[10]
[16]
Case #95: 1 6 3 26
[5, 7, 16, 18]
[13, 15, 24, 26]
Case #96: 4 5 1 8
[23, 126, 168, 216, 481, 644, 779, 815, 853, 1010]
[39, 87, 152, 241, 366, 523, 893, 900, 928, 986]
Case #97: 10 10 5 143
[10, 71, 84, 125, 143, 153, 173, 196]
[1, 18, 59, 76, 130, 201, 223, 235]
Case #98: 8 8 3 70
[5, 91, 112, 147, 168, 233]
[30, 54, 55, 134, 233, 239]
Case #99: NOT POSSIBLE
[4, 5]
[6, 7]
Case #100: 2 3 1 2
