num of test case:  225
Case #1 1 4 0 0
.c..
Case #2 3 4 11 11
c***
****
****
Case #3 3 5 9 9
*****
...**
c..**
Case #4 5 4 17 14
Impossible
****
..**
c.**
..**
****
Case #5 3 3 5 5
***
..*
c.*
Case #6 4 5 7 7
*****
*...*
..c..
.....
Case #7 3 5 11 11
*****
..***
c.***
Case #8 4 4 7 7
****
...*
c..*
...*
Case #9 1 5 2 2
**.c.
Case #10 5 5 23 16
Impossible
*****
*...*
*.c.*
*...*
*****
Case #11 3 5 12 11
Impossible
*****
..***
c.***
Case #12 4 4 12 12
****
****
..**
c.**
Case #13 3 3 1 1
*..
..c
...
Case #14 4 3 10 8
Impossible
***
***
..*
c.*
Case #15 5 3 13 9
Impossible
***
..*
c.*
..*
***
Case #16 5 3 9 9
***
..*
c.*
..*
***
Case #17 4 4 10 10
****
..**
c.**
..**
Case #18 4 3 9 8
Impossible
***
***
..*
c.*
Case #19 3 1 1 1
*
.
c
Case #20 2 2 3 3
c*
**
Case #21 5 4 15 14
Impossible
****
..**
c.**
..**
****
Case #22 3 5 2 2
**...
...c.
.....
Case #23 4 3 1 1
*..
...
.c.
...
Case #24 5 4 12 11
Impossible
****
...*
c..*
...*
****
Case #25 5 4 16 14
Impossible
****
..**
c.**
..**
****
Case #26 2 4 0 0
.c..
....
Case #27 3 4 0 0
....
.c..
....
Case #28 4 4 1 1
*...
....
..c.
....
Case #29 3 2 2 2
**
..
c.
Case #30 5 4 8 8
****
...*
...*
c..*
...*
Case #31 5 4 2 2
**..
....
....
.c..
....
Case #32 5 4 7 7
****
..**
...*
.c..
....
Case #33 2 3 5 5
c**
***
Case #34 5 5 10 10
*****
....*
....*
.c..*
...**
Case #35 5 4 4 4
****
....
....
.c..
....
Case #36 3 5 14 14
c****
*****
*****
Case #37 3 4 8 8
****
..**
c.**
Case #38 4 2 6 4
Impossible
**
**
..
c.
Case #39 4 5 2 2
**...
.....
...c.
.....
Case #40 4 5 17 16
Impossible
*****
*****
..***
c.***
Case #41 3 3 8 8
c**
***
***
Case #42 2 4 5 4
Impossible
**.c
**..
Case #43 5 4 5 5
****
...*
....
.c..
....
Case #44 4 5 16 16
*****
*****
..***
c.***
Case #45 3 5 4 3
Impossible
***..
....c
.....
Case #46 4 1 1 1
*
.
c
.
Case #47 4 5 12 12
*****
..***
c..**
...**
Case #48 4 3 0 0
...
.c.
...
...
Case #49 3 5 6 5
Impossible
*****
.....
.c...
Case #50 2 5 8 6
Impossible
***.c
***..
Case #51 3 5 7 7
*****
....*
.c..*
Case #52 4 5 13 12
Impossible
*****
*..**
...**
c..**
Case #53 2 4 1 0
Impossible
.c..
....
Case #54 5 5 22 17
Impossible
*****
*..**
*...*
*...*
*****
Case #55 5 5 0 0
.....
.c...
.....
.....
.....
Case #56 4 2 3 2
Impossible
**
..
c.
..
Case #57 4 4 11 10
Impossible
****
..**
c.**
..**
Case #58 5 4 13 12
Impossible
****
..**
c..*
...*
****
Case #59 2 3 1 0
Impossible
.c.
...
Case #60 2 5 2 2
*..c.
*....
Case #61 4 5 19 19
c****
*****
*****
*****
Case #62 2 5 9 9
c****
*****
Case #63 2 4 3 2
Impossible
*.c.
*...
Case #64 2 4 7 7
c***
****
Case #65 4 1 0 0
.
c
.
.
Case #66 3 2 3 2
Impossible
**
..
c.
Case #67 5 3 8 7
Impossible
***
..*
..*
c.*
..*
Case #68 4 4 8 8
****
..**
c..*
...*
Case #69 5 5 13 13
*****
....*
.c..*
....*
*****
Case #70 2 5 6 6
***.c
***..
Case #71 2 4 4 4
**.c
**..
Case #72 5 1 2 2
*
*
.
c
.
Case #73 4 4 2 2
**..
....
..c.
....
Case #74 3 1 0 0
.
c
.
Case #75 5 5 3 3
***..
.....
.....
.c...
.....
Case #76 3 5 1 1
*....
...c.
.....
Case #77 5 4 9 9
****
...*
...*
c..*
..**
Case #78 2 5 7 6
Impossible
***.c
***..
Case #79 2 2 1 0
Impossible
c.
..
Case #80 1 5 3 3
***.c
Case #81 4 4 13 12
Impossible
****
****
..**
c.**
Case #82 4 4 0 0
....
.c..
....
....
Case #83 3 5 13 11
Impossible
*****
..***
c.***
Case #84 4 1 2 2
*
*
.
c
Case #85 3 2 1 0
Impossible
..
c.
..
Case #86 4 4 9 8
Impossible
****
*..*
...*
c..*
Case #87 5 4 1 1
*...
....
....
.c..
....
Case #88 3 5 10 9
Impossible
*****
...**
c..**
Case #89 1 3 2 2
c**
Case #90 5 4 11 11
****
...*
c..*
...*
****
Case #91 2 1 1 1
c
*
Case #92 5 5 17 16
Impossible
*****
*...*
*.c.*
*...*
*****
Case #93 5 2 4 4
**
**
..
c.
..
Case #94 4 5 18 16
Impossible
*****
*****
..***
c.***
Case #95 4 3 3 3
***
...
.c.
...
Case #96 5 4 3 3
**..
....
....
.c..
...*
Case #97 5 1 3 3
*
*
*
.
c
Case #98 5 4 19 19
c***
****
****
****
****
Case #99 5 5 14 13
Impossible
*****
....*
.c..*
....*
*****
Case #100 4 3 6 6
***
..*
c.*
..*
Case #101 4 3 2 2
*..
*..
..c
...
Case #102 4 3 4 4
***
..*
...
.c.
Case #103 5 2 7 6
Impossible
**
**
**
..
c.
Case #104 5 4 10 9
Impossible
****
...*
...*
c..*
..**
Case #105 5 3 3 3
***
...
...
.c.
...
Case #106 5 4 18 14
Impossible
****
..**
c.**
..**
****
Case #107 4 5 0 0
.....
.c...
.....
.....
Case #108 3 5 3 3
***..
....c
.....
Case #109 3 4 3 2
Impossible
**..
...c
....
Case #110 4 3 5 4
Impossible
***
..*
...
.c.
Case #111 3 4 1 1
*...
..c.
....
Case #112 1 2 0 0
c.
Case #113 5 5 19 16
Impossible
*****
*...*
*.c.*
*...*
*****
Case #114 5 5 5 5
*****
.....
.....
.c...
.....
Case #115 5 2 9 9
c*
**
**
**
**
Case #116 5 5 2 2
**...
.....
.....
.c...
.....
Case #117 2 3 0 0
.c.
...
Case #118 5 5 8 8
*****
....*
....*
..c..
*....
Case #119 5 2 5 4
Impossible
**
**
..
c.
..
Case #120 2 4 6 4
Impossible
**.c
**..
Case #121 4 4 3 3
**..
*...
..c.
....
Case #122 2 1 0 0
c
.
Case #123 5 2 6 6
**
**
**
..
c.
Case #124 4 4 14 12
Impossible
****
****
..**
c.**
Case #125 1 4 2 2
**.c
Case #126 4 2 7 7
c*
**
**
**
Case #127 4 3 8 8
***
***
..*
c.*
Case #128 3 2 5 5
c*
**
**
Case #129 5 3 14 14
c**
***
***
***
***
Case #130 4 2 1 0
Impossible
..
c.
..
..
Case #131 1 4 1 1
*.c.
Case #132 1 1 0 0
c
Case #133 2 5 5 4
Impossible
**.c.
**...
Case #134 4 2 0 0
..
c.
..
..
Case #135 2 5 4 4
**.c.
**...
Case #136 5 5 1 1
*....
...c.
.....
.....
.....
Case #137 3 3 4 3
Impossible
***
...
.c.
Case #138 3 5 5 5
*****
.....
.c...
Case #139 3 3 7 5
Impossible
***
..*
c.*
Case #140 3 3 3 3
***
...
.c.
Case #141 3 3 0 0
...
.c.
...
Case #142 3 1 2 2
c
*
*
Case #143 4 5 14 14
*****
..***
c.***
..***
Case #144 5 3 0 0
...
.c.
...
...
...
Case #145 3 4 10 8
Impossible
****
..**
c.**
Case #146 5 3 5 5
***
..*
..*
c..
...
Case #147 5 2 3 2
Impossible
**
..
..
c.
..
Case #148 5 4 6 6
****
...*
...*
.c..
....
Case #149 4 4 5 5
****
...*
.c..
....
Case #150 5 1 1 1
*
.
.
c
.
Case #151 1 4 3 3
c***
Case #152 3 3 6 5
Impossible
***
..*
c.*
Case #153 5 2 2 2
**
..
..
c.
..
Case #154 5 2 1 0
Impossible
..
c.
..
..
..
Case #155 5 4 14 14
****
..**
c.**
..**
****
Case #156 5 5 7 7
*****
....*
....*
.c...
.....
Case #157 5 5 4 4
***..
.....
.....
.c...
....*
Case #158 4 5 5 5
*****
.....
.c...
.....
Case #159 4 5 6 6
*****
....*
.c...
.....
Case #160 4 4 4 4
****
....
.c..
....
Case #161 1 5 1 1
*..c.
Case #162 4 1 3 3
c
*
*
*
Case #163 4 2 4 4
**
**
..
c.
Case #164 2 2 2 0
Impossible
c.
..
Case #165 2 5 3 2
Impossible
*..c.
*....
Case #166 1 3 1 1
*.c
Case #167 5 3 4 4
***
..*
...
.c.
...
Case #168 3 4 4 4
****
....
.c..
Case #169 5 3 10 9
Impossible
***
..*
c.*
..*
***
Case #170 2 5 0 0
.c...
.....
Case #171 5 1 0 0
.
c
.
.
.
Case #172 2 4 2 2
*.c.
*...
Case #173 4 5 8 8
*****
....*
.c..*
....*
Case #174 1 5 4 4
c****
Case #175 1 2 1 1
c*
Case #176 5 4 0 0
....
.c..
....
....
....
Case #177 5 5 24 24
c****
*****
*****
*****
*****
Case #178 3 4 7 6
Impossible
****
...*
c..*
Case #179 5 3 1 1
*..
...
...
.c.
...
Case #180 4 4 6 6
****
..**
....
.c..
Case #181 5 3 7 7
***
..*
..*
c.*
..*
Case #182 5 5 21 16
Impossible
*****
*...*
*.c.*
*...*
*****
Case #183 2 3 3 2
Impossible
*.c
*..
Case #184 4 3 11 11
c**
***
***
***
Case #185 5 5 6 6
*****
....*
.....
.c...
.....
Case #186 4 4 15 15
c***
****
****
****
Case #187 5 5 11 11
*****
....*
.c..*
....*
..***
Case #188 4 5 1 1
*....
...c.
.....
.....
Case #189 3 5 8 7
Impossible
*****
....*
.c..*
Case #190 4 5 3 3
***..
.....
...c.
.....
Case #191 3 2 4 2
Impossible
**
..
c.
Case #192 5 2 0 0
..
c.
..
..
..
Case #193 5 5 9 9
*****
....*
....*
.c..*
....*
Case #194 5 1 4 4
c
*
*
*
*
Case #195 1 5 0 0
.c...
Case #196 4 2 2 2
**
..
c.
..
Case #197 4 2 5 4
Impossible
**
**
..
c.
Case #198 5 3 12 9
Impossible
***
..*
c.*
..*
***
Case #199 3 4 9 8
Impossible
****
..**
c.**
Case #200 2 3 2 2
*.c
*..
Case #201 4 5 10 9
Impossible
*****
*...*
....*
.c..*
Case #202 3 4 6 6
****
...*
c..*
Case #203 4 5 11 11
*****
...**
c..**
...**
Case #204 4 5 4 4
***..
*....
...c.
.....
Case #205 2 5 1 0
Impossible
.c...
.....
Case #206 5 5 20 16
Impossible
*****
*...*
*.c.*
*...*
*****
Case #207 4 3 7 6
Impossible
***
..*
c.*
..*
Case #208 5 5 12 11
Impossible
*****
....*
.c..*
....*
..***
Case #209 5 3 2 2
*..
...
.c.
...
..*
Case #210 1 3 0 0
.c.
Case #211 4 5 15 14
Impossible
*****
..***
c.***
..***
Case #212 3 4 2 2
**..
...c
....
Case #213 5 5 18 16
Impossible
*****
*...*
*.c.*
*...*
*****
Case #214 4 5 9 9
*****
*...*
....*
.c..*
Case #215 3 5 0 0
.....
.c...
.....
Case #216 5 5 15 14
Impossible
*****
*...*
..c.*
....*
*****
Case #217 3 2 0 0
..
c.
..
Case #218 5 3 6 5
Impossible
***
..*
..*
c..
...
Case #219 5 2 8 6
Impossible
**
**
**
..
c.
Case #220 2 3 4 2
Impossible
*.c
*..
Case #221 3 4 5 4
Impossible
****
....
.c..
Case #222 5 3 11 9
Impossible
***
..*
c.*
..*
***
Case #223 5 5 16 16
*****
*...*
*.c.*
*...*
*****
Case #224 3 3 2 1
Impossible
*..
..c
...
Case #225 2 2 0 0
c.
..
