[0.27, 0.3, 0.33, 0.52, 0.55, 0.91]
[0.88, 0.85, 0.45, 0.24, 0.12, 0.06]
Found a  value:  0
[0.27, 0.3, 0.33, 0.52, 0.55, 0.91]
[0.06, 0.12, 0.24, 0.45, 0.85, 0.88]
Case #1: 6 3
[0.009, 0.027, 0.1, 0.118, 0.164, 0.209, 0.255, 0.391, 0.445, 0.536]
[0.991, 0.955, 0.882, 0.855, 0.782, 0.745, 0.673, 0.6, 0.591, 0.582]
[0.009, 0.027, 0.1, 0.118, 0.164, 0.209, 0.255, 0.391, 0.445, 0.536]
[0.582, 0.591, 0.6, 0.673, 0.745, 0.782, 0.855, 0.882, 0.955, 0.991]
Case #2: 0 0
[0.16, 0.36, 0.48, 0.64, 0.68, 0.76, 0.8]
[0.96, 0.88, 0.52, 0.44, 0.28, 0.2, 0.12]
Found a  value:  0
[0.16, 0.36, 0.48, 0.64, 0.68, 0.76, 0.8]
[0.12, 0.2, 0.28, 0.44, 0.52, 0.88, 0.96]
Case #3: 7 2
[0.1, 0.12, 0.15, 0.17, 0.2, 0.54]
[0.68, 0.61, 0.49, 0.34, 0.24, 0.07]
Found a  value:  0
[0.1, 0.12, 0.15, 0.17, 0.2, 0.54]
[0.07, 0.24, 0.34, 0.49, 0.61, 0.68]
Case #4: 6 1
[0.6, 0.73, 0.77, 0.78, 0.81, 0.84, 0.88, 0.9, 0.93, 0.99]
[0.57, 0.51, 0.4, 0.31, 0.27, 0.26, 0.17, 0.15, 0.14, 0.04]
Found a  value:  0
[0.6, 0.73, 0.77, 0.78, 0.81, 0.84, 0.88, 0.9, 0.93, 0.99]
[0.04, 0.14, 0.15, 0.17, 0.26, 0.27, 0.31, 0.4, 0.51, 0.57]
Case #5: 10 10
[0.02, 0.04, 0.19, 0.32, 0.35, 0.55, 0.61, 0.77, 0.82, 0.99]
[0.87, 0.8, 0.75, 0.73, 0.68, 0.67, 0.53, 0.33, 0.25, 0.08]
Found a  value:  2
[0.02, 0.04, 0.19, 0.32, 0.35, 0.55, 0.61, 0.77, 0.82, 0.99]
[0.08, 0.25, 0.33, 0.53, 0.67, 0.68, 0.73, 0.75, 0.8, 0.87]
Case #6: 8 1
[0.05, 0.1, 0.13, 0.18, 0.21, 0.38, 0.44, 0.51]
[0.97, 0.92, 0.9, 0.82, 0.79, 0.67, 0.56, 0.54]
[0.05, 0.1, 0.13, 0.18, 0.21, 0.38, 0.44, 0.51]
[0.54, 0.56, 0.67, 0.79, 0.82, 0.9, 0.92, 0.97]
Case #7: 0 0
[0.42]
[0.08]
Found a  value:  0
[0.42]
[0.08]
Case #8: 1 1
[0.03, 0.23, 0.31, 0.49, 0.51, 0.54, 0.6, 0.69, 0.71, 0.86]
[0.91, 0.83, 0.74, 0.43, 0.4, 0.37, 0.34, 0.2, 0.17, 0.09]
Found a  value:  1
[0.03, 0.23, 0.31, 0.49, 0.51, 0.54, 0.6, 0.69, 0.71, 0.86]
[0.09, 0.17, 0.2, 0.34, 0.37, 0.4, 0.43, 0.74, 0.83, 0.91]
Case #9: 9 4
[0.13, 0.14, 0.23, 0.26, 0.3, 0.31, 0.36, 0.62, 0.71, 0.92]
[0.82, 0.79, 0.78, 0.64, 0.57, 0.55, 0.44, 0.35, 0.06, 0.01]
Found a  value:  0
[0.13, 0.14, 0.23, 0.26, 0.3, 0.31, 0.36, 0.62, 0.71, 0.92]
[0.01, 0.06, 0.35, 0.44, 0.55, 0.57, 0.64, 0.78, 0.79, 0.82]
Case #10: 10 2
[0.008, 0.034, 0.05, 0.084, 0.101, 0.218, 0.445, 0.471, 0.479, 0.504]
[0.992, 0.891, 0.849, 0.765, 0.748, 0.739, 0.647, 0.613, 0.555, 0.546]
[0.008, 0.034, 0.05, 0.084, 0.101, 0.218, 0.445, 0.471, 0.479, 0.504]
[0.546, 0.555, 0.613, 0.647, 0.739, 0.748, 0.765, 0.849, 0.891, 0.992]
Case #11: 0 0
[0.04, 0.06, 0.13, 0.28, 0.43, 0.47, 0.51, 0.55, 0.57, 0.64]
[0.94, 0.91, 0.87, 0.85, 0.81, 0.79, 0.77, 0.74, 0.7, 0.66]
[0.04, 0.06, 0.13, 0.28, 0.43, 0.47, 0.51, 0.55, 0.57, 0.64]
[0.66, 0.7, 0.74, 0.77, 0.79, 0.81, 0.85, 0.87, 0.91, 0.94]
Case #12: 0 0
[0.02, 0.1, 0.12, 0.2, 0.22, 0.25, 0.35, 0.49, 0.51, 0.53]
[0.96, 0.94, 0.9, 0.82, 0.8, 0.76, 0.71, 0.69, 0.57, 0.55]
[0.02, 0.1, 0.12, 0.2, 0.22, 0.25, 0.35, 0.49, 0.51, 0.53]
[0.55, 0.57, 0.69, 0.71, 0.76, 0.8, 0.82, 0.9, 0.94, 0.96]
Case #13: 0 0
[0.03, 0.1, 0.26, 0.28, 0.3, 0.33, 0.36, 0.41, 0.43, 0.54]
[0.99, 0.91, 0.86, 0.78, 0.77, 0.75, 0.7, 0.65, 0.59, 0.55]
[0.03, 0.1, 0.26, 0.28, 0.3, 0.33, 0.36, 0.41, 0.43, 0.54]
[0.55, 0.59, 0.65, 0.7, 0.75, 0.77, 0.78, 0.86, 0.91, 0.99]
Case #14: 0 0
[0.02, 0.15, 0.19, 0.2, 0.25, 0.37, 0.53, 0.86, 0.9, 0.92]
[0.98, 0.95, 0.88, 0.83, 0.68, 0.54, 0.47, 0.34, 0.17, 0.14]
Found a  value:  1
[0.02, 0.15, 0.19, 0.2, 0.25, 0.37, 0.53, 0.86, 0.9, 0.92]
[0.14, 0.17, 0.34, 0.47, 0.54, 0.68, 0.83, 0.88, 0.95, 0.98]
Case #15: 9 0
[0.02, 0.08, 0.14, 0.17, 0.28, 0.49, 0.51, 0.83, 0.85]
[0.95, 0.89, 0.65, 0.58, 0.42, 0.38, 0.37, 0.06, 0.03]
Found a  value:  1
[0.02, 0.08, 0.14, 0.17, 0.28, 0.49, 0.51, 0.83, 0.85]
[0.03, 0.06, 0.37, 0.38, 0.42, 0.58, 0.65, 0.89, 0.95]
Case #16: 8 1
[0.03, 0.05, 0.33, 0.56, 0.59, 0.62, 0.67, 0.74, 0.82, 0.95]
[0.79, 0.77, 0.64, 0.46, 0.41, 0.38, 0.31, 0.26, 0.21, 0.08]
Found a  value:  2
[0.03, 0.05, 0.33, 0.56, 0.59, 0.62, 0.67, 0.74, 0.82, 0.95]
[0.08, 0.21, 0.26, 0.31, 0.38, 0.41, 0.46, 0.64, 0.77, 0.79]
Case #17: 8 4
[0.07, 0.36, 0.42, 0.58, 0.67, 0.8, 0.84]
[0.87, 0.76, 0.69, 0.6, 0.38, 0.31, 0.2]
Found a  value:  1
[0.07, 0.36, 0.42, 0.58, 0.67, 0.8, 0.84]
[0.2, 0.31, 0.38, 0.6, 0.69, 0.76, 0.87]
Case #18: 6 1
[0.23, 0.28, 0.38, 0.45, 0.59, 0.62, 0.81]
[0.94, 0.68, 0.32, 0.19, 0.17, 0.14, 0.09]
Found a  value:  0
[0.23, 0.28, 0.38, 0.45, 0.59, 0.62, 0.81]
[0.09, 0.14, 0.17, 0.19, 0.32, 0.68, 0.94]
Case #19: 7 4
[0.027, 0.09, 0.18, 0.207, 0.288, 0.387, 0.459, 0.595, 0.748, 0.802]
[0.982, 0.847, 0.694, 0.685, 0.613, 0.604, 0.486, 0.45, 0.432, 0.423]
Found a  value:  6
[0.027, 0.09, 0.18, 0.207, 0.288, 0.387, 0.459, 0.595, 0.748, 0.802]
[0.423, 0.432, 0.45, 0.486, 0.604, 0.613, 0.685, 0.694, 0.847, 0.982]
Case #20: 4 0
[0.15, 0.22, 0.27, 0.68, 0.73, 0.75, 0.78, 0.82, 0.84, 0.97]
[0.92, 0.8, 0.72, 0.59, 0.39, 0.33, 0.32, 0.23, 0.13, 0.08]
Found a  value:  0
[0.15, 0.22, 0.27, 0.68, 0.73, 0.75, 0.78, 0.82, 0.84, 0.97]
[0.08, 0.13, 0.23, 0.32, 0.33, 0.39, 0.59, 0.72, 0.8, 0.92]
Case #21: 10 4
[0.02, 0.14, 0.16, 0.23, 0.26, 0.58, 0.6, 0.65, 0.91, 0.95]
[0.93, 0.53, 0.51, 0.49, 0.4, 0.35, 0.28, 0.12, 0.09, 0.07]
Found a  value:  1
[0.02, 0.14, 0.16, 0.23, 0.26, 0.58, 0.6, 0.65, 0.91, 0.95]
[0.07, 0.09, 0.12, 0.28, 0.35, 0.4, 0.49, 0.51, 0.53, 0.93]
Case #22: 9 4
[0.018, 0.191, 0.4, 0.409, 0.5, 0.527, 0.545, 0.591, 0.727, 0.982]
[0.945, 0.827, 0.745, 0.682, 0.673, 0.645, 0.482, 0.355, 0.118, 0.045]
Found a  value:  1
[0.018, 0.191, 0.4, 0.409, 0.5, 0.527, 0.545, 0.591, 0.727, 0.982]
[0.045, 0.118, 0.355, 0.482, 0.645, 0.673, 0.682, 0.745, 0.827, 0.945]
Case #23: 9 1
[0.46, 0.47, 0.51, 0.54, 0.81, 0.83, 0.93, 0.98]
[0.76, 0.64, 0.59, 0.49, 0.44, 0.29, 0.17, 0.14]
Found a  value:  0
[0.46, 0.47, 0.51, 0.54, 0.81, 0.83, 0.93, 0.98]
[0.14, 0.17, 0.29, 0.44, 0.49, 0.59, 0.64, 0.76]
Case #24: 8 4
[0.58]
[0.33]
Found a  value:  0
[0.58]
[0.33]
Case #25: 1 1
[0.06, 0.24, 0.3, 0.48, 0.52, 0.61, 0.64, 0.7, 0.82]
[0.85, 0.79, 0.76, 0.67, 0.55, 0.45, 0.36, 0.09, 0.03]
Found a  value:  0
[0.06, 0.24, 0.3, 0.48, 0.52, 0.61, 0.64, 0.7, 0.82]
[0.03, 0.09, 0.36, 0.45, 0.55, 0.67, 0.76, 0.79, 0.85]
Case #26: 9 1
[0.8]
[0.9]
[0.8]
[0.9]
Case #27: 0 0
[0.04, 0.1, 0.11, 0.15, 0.25, 0.34, 0.48, 0.57, 0.65, 0.8]
[0.92, 0.91, 0.85, 0.82, 0.71, 0.7, 0.55, 0.36, 0.08, 0.02]
Found a  value:  0
[0.04, 0.1, 0.11, 0.15, 0.25, 0.34, 0.48, 0.57, 0.65, 0.8]
[0.02, 0.08, 0.36, 0.55, 0.7, 0.71, 0.82, 0.85, 0.91, 0.92]
Case #28: 10 1
[0.06, 0.09, 0.34, 0.39, 0.66, 0.73, 0.75, 0.81, 0.89, 0.95]
[0.97, 0.72, 0.69, 0.67, 0.61, 0.59, 0.53, 0.38, 0.3, 0.11]
Found a  value:  2
[0.06, 0.09, 0.34, 0.39, 0.66, 0.73, 0.75, 0.81, 0.89, 0.95]
[0.11, 0.3, 0.38, 0.53, 0.59, 0.61, 0.67, 0.69, 0.72, 0.97]
Case #29: 8 4
[0.6, 0.68, 0.7, 0.76, 0.81, 0.83, 0.86, 0.87, 0.92]
[0.52, 0.51, 0.48, 0.41, 0.33, 0.24, 0.17, 0.05, 0.03]
Found a  value:  0
[0.6, 0.68, 0.7, 0.76, 0.81, 0.83, 0.86, 0.87, 0.92]
[0.03, 0.05, 0.17, 0.24, 0.33, 0.41, 0.48, 0.51, 0.52]
Case #30: 9 9
[0.16, 0.22, 0.28, 0.44, 0.53, 0.72, 0.81, 0.88, 0.94, 0.97]
[0.75, 0.69, 0.56, 0.47, 0.38, 0.34, 0.25, 0.12, 0.09, 0.03]
Found a  value:  0
[0.16, 0.22, 0.28, 0.44, 0.53, 0.72, 0.81, 0.88, 0.94, 0.97]
[0.03, 0.09, 0.12, 0.25, 0.34, 0.38, 0.47, 0.56, 0.69, 0.75]
Case #31: 10 4
[0.05, 0.09, 0.14, 0.18, 0.23, 0.27, 0.36, 0.41, 0.45, 0.5]
[0.95, 0.91, 0.86, 0.82, 0.77, 0.73, 0.68, 0.64, 0.59, 0.55]
[0.05, 0.09, 0.14, 0.18, 0.23, 0.27, 0.36, 0.41, 0.45, 0.5]
[0.55, 0.59, 0.64, 0.68, 0.73, 0.77, 0.82, 0.86, 0.91, 0.95]
Case #32: 0 0
[0.056, 0.204, 0.278, 0.296, 0.37, 0.389, 0.546, 0.704, 0.824, 0.852]
[0.991, 0.954, 0.907, 0.833, 0.63, 0.361, 0.315, 0.065, 0.037, 0.028]
Found a  value:  0
[0.056, 0.204, 0.278, 0.296, 0.37, 0.389, 0.546, 0.704, 0.824, 0.852]
[0.028, 0.037, 0.065, 0.315, 0.361, 0.63, 0.833, 0.907, 0.954, 0.991]
Case #33: 10 2
[0.343, 0.435, 0.481, 0.565, 0.593, 0.657, 0.713, 0.778, 0.87, 0.963]
[0.759, 0.611, 0.454, 0.398, 0.37, 0.333, 0.287, 0.231, 0.176, 0.13]
Found a  value:  0
[0.343, 0.435, 0.481, 0.565, 0.593, 0.657, 0.713, 0.778, 0.87, 0.963]
[0.13, 0.176, 0.231, 0.287, 0.333, 0.37, 0.398, 0.454, 0.611, 0.759]
Case #34: 10 6
[0.59, 0.65, 0.74, 0.75, 0.85, 0.88, 0.9]
[0.57, 0.54, 0.49, 0.4, 0.38, 0.15, 0.07]
Found a  value:  0
[0.59, 0.65, 0.74, 0.75, 0.85, 0.88, 0.9]
[0.07, 0.15, 0.38, 0.4, 0.49, 0.54, 0.57]
Case #35: 7 7
[0.11, 0.38, 0.49, 0.54, 0.75, 0.77, 0.84, 0.87, 0.9, 0.92]
[0.89, 0.62, 0.56, 0.48, 0.44, 0.43, 0.34, 0.33, 0.13, 0.08]
Found a  value:  0
[0.11, 0.38, 0.49, 0.54, 0.75, 0.77, 0.84, 0.87, 0.9, 0.92]
[0.08, 0.13, 0.33, 0.34, 0.43, 0.44, 0.48, 0.56, 0.62, 0.89]
Case #36: 10 5
[0.48, 0.51, 0.55, 0.56, 0.65, 0.66, 0.69, 0.72, 0.73, 0.77]
[0.44, 0.42, 0.31, 0.3, 0.2, 0.14, 0.11, 0.07, 0.06, 0.03]
Found a  value:  0
[0.48, 0.51, 0.55, 0.56, 0.65, 0.66, 0.69, 0.72, 0.73, 0.77]
[0.03, 0.06, 0.07, 0.11, 0.14, 0.2, 0.3, 0.31, 0.42, 0.44]
Case #37: 10 10
[0.6, 0.68, 0.8, 0.9]
[0.88, 0.35, 0.17, 0.05]
Found a  value:  0
[0.6, 0.68, 0.8, 0.9]
[0.05, 0.17, 0.35, 0.88]
Case #38: 4 3
[0.09, 0.45, 0.64, 0.73, 0.91]
[0.82, 0.55, 0.36, 0.27, 0.18]
Found a  value:  1
[0.09, 0.45, 0.64, 0.73, 0.91]
[0.18, 0.27, 0.36, 0.55, 0.82]
Case #39: 4 2
[0.09, 0.32, 0.41, 0.5, 0.53, 0.62, 0.71, 0.74, 0.82, 0.97]
[0.76, 0.59, 0.56, 0.47, 0.44, 0.38, 0.21, 0.18, 0.15, 0.12]
Found a  value:  1
[0.09, 0.32, 0.41, 0.5, 0.53, 0.62, 0.71, 0.74, 0.82, 0.97]
[0.12, 0.15, 0.18, 0.21, 0.38, 0.44, 0.47, 0.56, 0.59, 0.76]
Case #40: 9 4
[0.092, 0.16, 0.277, 0.462, 0.479, 0.487, 0.504, 0.605, 0.714, 0.832]
[0.874, 0.824, 0.739, 0.664, 0.546, 0.445, 0.387, 0.21, 0.118, 0.017]
Found a  value:  0
[0.092, 0.16, 0.277, 0.462, 0.479, 0.487, 0.504, 0.605, 0.714, 0.832]
[0.017, 0.118, 0.21, 0.387, 0.445, 0.546, 0.664, 0.739, 0.824, 0.874]
Case #41: 10 2
[0.1]
[0.4]
[0.1]
[0.4]
Case #42: 0 0
[0.394, 0.477, 0.532, 0.615, 0.624, 0.688, 0.734, 0.817, 0.872, 0.954]
[0.349, 0.303, 0.193, 0.128, 0.119, 0.073, 0.064, 0.046, 0.037, 0.009]
Found a  value:  0
[0.394, 0.477, 0.532, 0.615, 0.624, 0.688, 0.734, 0.817, 0.872, 0.954]
[0.009, 0.037, 0.046, 0.064, 0.073, 0.119, 0.128, 0.193, 0.303, 0.349]
Case #43: 10 10
[0.11, 0.15, 0.19, 0.3, 0.4, 0.45, 0.55, 0.57, 0.91, 0.92]
[0.94, 0.89, 0.85, 0.79, 0.74, 0.72, 0.38, 0.34, 0.26, 0.09]
Found a  value:  0
[0.11, 0.15, 0.19, 0.3, 0.4, 0.45, 0.55, 0.57, 0.91, 0.92]
[0.09, 0.26, 0.34, 0.38, 0.72, 0.74, 0.79, 0.85, 0.89, 0.94]
Case #44: 10 1
[0.218, 0.437, 0.588, 0.639, 0.697, 0.723, 0.782, 0.824, 0.84, 0.882]
[0.95, 0.849, 0.815, 0.765, 0.681, 0.521, 0.345, 0.235, 0.151, 0.067]
Found a  value:  0
[0.218, 0.437, 0.588, 0.639, 0.697, 0.723, 0.782, 0.824, 0.84, 0.882]
[0.067, 0.151, 0.235, 0.345, 0.521, 0.681, 0.765, 0.815, 0.849, 0.95]
Case #45: 10 3
[0.09, 0.11, 0.15, 0.2, 0.22, 0.33, 0.35]
[0.85, 0.7, 0.61, 0.57, 0.5, 0.46, 0.39]
[0.09, 0.11, 0.15, 0.2, 0.22, 0.33, 0.35]
[0.39, 0.46, 0.5, 0.57, 0.61, 0.7, 0.85]
Case #46: 0 0
[0.3, 0.32, 0.38, 0.4, 0.55, 0.57, 0.74, 0.77, 0.79, 0.85]
[0.26, 0.23, 0.21, 0.19, 0.13, 0.11, 0.09, 0.06, 0.04, 0.02]
Found a  value:  0
[0.3, 0.32, 0.38, 0.4, 0.55, 0.57, 0.74, 0.77, 0.79, 0.85]
[0.02, 0.04, 0.06, 0.09, 0.11, 0.13, 0.19, 0.21, 0.23, 0.26]
Case #47: 10 10
[0.01, 0.126, 0.33, 0.398, 0.583, 0.816, 0.893, 0.913, 0.951, 0.961]
[0.932, 0.767, 0.68, 0.641, 0.544, 0.476, 0.359, 0.262, 0.175, 0.029]
Found a  value:  1
[0.01, 0.126, 0.33, 0.398, 0.583, 0.816, 0.893, 0.913, 0.951, 0.961]
[0.029, 0.175, 0.262, 0.359, 0.476, 0.544, 0.641, 0.68, 0.767, 0.932]
Case #48: 9 4
[0.3]
[0.7]
[0.3]
[0.7]
Case #49: 0 0
[0.05, 0.11, 0.19, 0.24, 0.38, 0.59, 0.73, 0.78, 0.92, 0.95]
[0.89, 0.86, 0.7, 0.68, 0.62, 0.54, 0.49, 0.43, 0.41, 0.22]
Found a  value:  3
[0.05, 0.11, 0.19, 0.24, 0.38, 0.59, 0.73, 0.78, 0.92, 0.95]
[0.22, 0.41, 0.43, 0.49, 0.54, 0.62, 0.68, 0.7, 0.86, 0.89]
Case #50: 7 2
